<?xml version="1.0" encoding="UTF-8"?>
<!-- Generated by org.testng.reporters.JUnitReportReporter -->
<testsuite name="com.qa.tests.AddressPageTest" tests="1" time="14.901" ignored="0" failures="0" timestamp="26 Jan 2021 16:15:37 GMT" skipped="0" hostname="hp" errors="0">
  <testcase name="addNewAddressTest" time="14.901" classname="com.qa.tests.AddressPageTest"/>
</testsuite> <!-- com.qa.tests.AddressPageTest -->
