<?xml version="1.0" encoding="UTF-8"?>
<!-- Generated by org.testng.reporters.JUnitReportReporter -->
<testsuite name="com.qa.tests.LoginPageTest" tests="2" time="8.731" ignored="0" failures="0" timestamp="26 Jan 2021 16:11:56 GMT" skipped="0" hostname="hp" errors="0">
  <testcase name="loginTest" time="8.682" classname="com.qa.tests.LoginPageTest"/>
  <testcase name="loginPageTitletest" time="0.049" classname="com.qa.tests.LoginPageTest"/>
</testsuite> <!-- com.qa.tests.LoginPageTest -->
